2022-07-07 21:46:08 Loading main app package /usr/lib/obsidian/obsidian.asar
2022-07-07 21:46:09 Checking for update using Github
2022-07-07 21:46:09 Success.
2022-07-07 21:46:09 Latest version is 0.14.15
2022-07-07 21:46:09 App is up to date.
2022-07-07 21:52:06 Loading main app package /usr/lib/obsidian/obsidian.asar
2022-07-07 21:52:06 Checking for update using Github
2022-07-07 21:52:06 Success.
2022-07-07 21:52:06 Latest version is 0.14.15
2022-07-07 21:52:06 App is up to date.
2022-07-07 21:52:51 Loading main app package /usr/lib/obsidian/obsidian.asar
2022-07-07 21:52:52 Checking for update using Github
2022-07-07 21:52:52 Success.
2022-07-07 21:52:52 Latest version is 0.14.15
2022-07-07 21:52:52 App is up to date.
2022-07-07 21:53:05 Loading main app package /usr/lib/obsidian/obsidian.asar
2022-07-07 21:53:05 Checking for update using Github
2022-07-07 21:53:05 Success.
2022-07-07 21:53:05 Latest version is 0.14.15
2022-07-07 21:53:05 App is up to date.
2022-07-07 22:26:47 Loading main app package /usr/lib/obsidian/obsidian.asar
2022-07-07 22:26:47 Checking for update using Github
2022-07-07 22:26:47 Success.
2022-07-07 22:26:47 Latest version is 0.14.15
2022-07-07 22:26:47 App is up to date.
2022-07-08 11:33:57 Loading main app package /usr/lib/obsidian/obsidian.asar
2022-07-08 11:33:57 Checking for update using Github
2022-07-08 11:33:57 Success.
2022-07-08 11:33:57 Latest version is 0.14.15
2022-07-08 11:33:57 App is up to date.
2022-07-08 12:33:57 Checking for update using Github
2022-07-08 12:33:57 Success.
2022-07-08 12:33:57 Latest version is 0.14.15
2022-07-08 12:33:57 App is up to date.
2022-07-08 13:00:59 Loading main app package /usr/lib/obsidian/obsidian.asar
2022-07-08 13:00:59 Checking for update using Github
2022-07-11 22:59:26 Loading main app package /usr/lib/obsidian/obsidian.asar
2022-07-11 22:59:26 Checking for update using Github
2022-07-11 22:59:27 Success.
2022-07-11 22:59:27 Latest version is 0.14.15
2022-07-11 22:59:27 App is up to date.
2022-07-12 20:56:16 Loading main app package /usr/lib/obsidian/obsidian.asar
2022-07-12 20:56:17 Checking for update using Github
2022-07-12 20:56:17 Success.
2022-07-12 20:56:17 Latest version is 0.15.6
2022-07-12 20:56:17 Downloading update from https://github.com/obsidianmd/obsidian-releases/releases/download/v0.15.6/obsidian-0.15.6.asar.gz
2022-07-12 20:56:18 Verifying hash & signature. Size= 5609293
2022-07-12 20:56:18 Saving file
2022-07-12 20:56:18 Update complete.
2022-07-12 20:56:40 Loading updated app package /home/roshi/.config/obsidian/obsidian-0.15.6.asar
2022-07-12 20:56:41 Checking for update using Github
2022-07-12 20:56:41 Success.
2022-07-12 20:56:41 Latest version is 0.15.6
2022-07-12 20:56:41 App is up to date.
2022-07-15 14:58:54 Loading main app package /usr/lib/obsidian/obsidian.asar
2022-07-15 14:58:54 Checking for update using Github
2022-07-15 14:58:54 Success.
2022-07-15 14:58:54 Latest version is 0.15.6
2022-07-15 14:58:54 App is up to date.
2022-07-15 15:13:31 Loading main app package /usr/lib/obsidian/obsidian.asar
2022-07-15 15:13:31 Checking for update using Github
2022-07-15 15:13:32 Success.
2022-07-15 15:13:32 Latest version is 0.15.6
2022-07-15 15:13:32 App is up to date.
2022-07-15 15:14:45 Loading main app package /usr/lib/obsidian/obsidian.asar
2022-07-15 15:14:45 Checking for update using Github
